<?xml version="1.0" encoding="UTF-8"?>
<!-- Generated by org.testng.reporters.JUnitXMLReporter -->
<testsuite ignored="0" hostname="Mac.local" failures="1" tests="3" name="Error Validation Test" time="18.488" errors="0" timestamp="2024-02-17T22:04:23 IST">
  <testcase classname="devberry.Tests.ErrorValidationTest" name="loginErrorValidation" time="0.751">
    <skipped/>
  </testcase> <!-- loginErrorValidation -->
  <testcase classname="devberry.Tests.ErrorValidationTest" name="loginErrorValidation" time="0.73">
    <failure type="java.lang.AssertionError" message="expected [Incorrect email or password.] but found [Incorrect email password.]">
      <![CDATA[java.lang.AssertionError: expected [Incorrect email or password.] but found [Incorrect email password.]
at devberry.Tests.ErrorValidationTest.loginErrorValidation(ErrorValidationTest.java:22)
at java.base/java.util.ArrayList.forEach(ArrayList.java:1596)
at java.base/java.util.concurrent.FutureTask.run(FutureTask.java:317)
at java.base/java.util.concurrent.ThreadPoolExecutor.runWorker(ThreadPoolExecutor.java:1144)
at java.base/java.util.concurrent.ThreadPoolExecutor$Worker.run(ThreadPoolExecutor.java:642)
at java.base/java.lang.Thread.run(Thread.java:1583)
... Removed 22 stack frames]]>
    </failure>
  </testcase> <!-- loginErrorValidation -->
  <testcase classname="devberry.Tests.ErrorValidationTest" name="productErrorValidation" time="7.525"/>
</testsuite> <!-- Error Validation Test -->
